<?xml version="1.0" encoding="UTF-8"?>
<!-- Generated by org.testng.reporters.JUnitReportReporter -->
<testsuite hostname="LAPTOP-UVMUQS5V" name="TestRunner.Testrunner" tests="1" failures="0" timestamp="25 Jul 2019 03:35:12 GMT" time="46.207" errors="0">
  <testcase name="feature" time="46.207" classname="TestRunner.Testrunner"/>
</testsuite> <!-- TestRunner.Testrunner -->
